<?xml version="1.0" encoding="UTF-8"?>
<!-- Generated by org.testng.reporters.JUnitReportReporter -->
<testsuite hostname="DESKTOP-9M55QQJ" failures="0" tests="2" name="NokariTest.TestCaseNokari" time="0.013" errors="1" timestamp="2023-01-08T14:31:13 IST" skipped="1">
  <testcase classname="NokariTest.TestCaseNokari" name="launchBrowser" time="0.013">
    <error type="java.lang.StackOverflowError">
      <![CDATA[java.lang.StackOverflowError
at NokariTest.TestCaseNokari.launchBrowser(TestCaseNokari.java:13)
at NokariTest.TestCaseNokari.launchBrowser(TestCaseNokari.java:13)
at NokariTest.TestCaseNokari.launchBrowser(TestCaseNokari.java:13)
at NokariTest.TestCaseNokari.launchBrowser(TestCaseNokari.java:13)
at NokariTest.TestCaseNokari.launchBrowser(TestCaseNokari.java:13)
at NokariTest.TestCaseNokari.launchBrowser(TestCaseNokari.java:13)
at NokariTest.TestCaseNokari.launchBrowser(TestCaseNokari.java:13)
at NokariTest.TestCaseNokari.launchBrowser(TestCaseNokari.java:13)
at NokariTest.TestCaseNokari.launchBrowser(TestCaseNokari.java:13)
at NokariTest.TestCaseNokari.launchBrowser(TestCaseNokari.java:13)
at NokariTest.TestCaseNokari.launchBrowser(TestCaseNokari.java:13)
at NokariTest.TestCaseNokari.launchBrowser(TestCaseNokari.java:13)
at NokariTest.TestCaseNokari.launchBrowser(TestCaseNokari.java:13)
at NokariTest.TestCaseNokari.launchBrowser(TestCaseNokari.java:13)
at NokariTest.TestCaseNokari.launchBrowser(TestCaseNokari.java:13)
at NokariTest.TestCaseNokari.launchBrowser(TestCaseNokari.java:13)
at NokariTest.TestCaseNokari.launchBrowser(TestCaseNokari.java:13)
at NokariTest.TestCaseNokari.launchBrowser(TestCaseNokari.java:13)
at NokariTest.TestCaseNokari.launchBrowser(TestCaseNokari.java:13)
at NokariTest.TestCaseNokari.launchBrowser(TestCaseNokari.java:13)
at NokariTest.TestCaseNokari.launchBrowser(TestCaseNokari.java:13)
at NokariTest.TestCaseNokari.launchBrowser(TestCaseNokari.java:13)
at NokariTest.TestCaseNokari.launchBrowser(TestCaseNokari.java:13)
at NokariTest.TestCaseNokari.launchBrowser(TestCaseNokari.java:13)
at NokariTest.TestCaseNokari.launchBrowser(TestCaseNokari.java:13)
at NokariTest.TestCaseNokari.launchBrowser(TestCaseNokari.java:13)
at NokariTest.TestCaseNokari.launchBrowser(TestCaseNokari.java:13)
at NokariTest.TestCaseNokari.launchBrowser(TestCaseNokari.java:13)
at NokariTest.TestCaseNokari.launchBrowser(TestCaseNokari.java:13)
at NokariTest.TestCaseNokari.launchBrowser(TestCaseNokari.java:13)
at NokariTest.TestCaseNokari.launchBrowser(TestCaseNokari.java:13)
at NokariTest.TestCaseNokari.launchBrowser(TestCaseNokari.java:13)
at NokariTest.TestCaseNokari.launchBrowser(TestCaseNokari.java:13)
at NokariTest.TestCaseNokari.launchBrowser(TestCaseNokari.java:13)
at NokariTest.TestCaseNokari.launchBrowser(TestCaseNokari.java:13)
at NokariTest.TestCaseNokari.launchBrowser(TestCaseNokari.java:13)
at NokariTest.TestCaseNokari.launchBrowser(TestCaseNokari.java:13)
at NokariTest.TestCaseNokari.launchBrowser(TestCaseNokari.java:13)
at NokariTest.TestCaseNokari.launchBrowser(TestCaseNokari.java:13)
at NokariTest.TestCaseNokari.launchBrowser(TestCaseNokari.java:13)
at NokariTest.TestCaseNokari.launchBrowser(TestCaseNokari.java:13)
at NokariTest.TestCaseNokari.launchBrowser(TestCaseNokari.java:13)
at NokariTest.TestCaseNokari.launchBrowser(TestCaseNokari.java:13)
at NokariTest.TestCaseNokari.launchBrowser(TestCaseNokari.java:13)
at NokariTest.TestCaseNokari.launchBrowser(TestCaseNokari.java:13)
at NokariTest.TestCaseNokari.launchBrowser(TestCaseNokari.java:13)
at NokariTest.TestCaseNokari.launchBrowser(TestCaseNokari.java:13)
at NokariTest.TestCaseNokari.launchBrowser(TestCaseNokari.java:13)
at NokariTest.TestCaseNokari.launchBrowser(TestCaseNokari.java:13)
at NokariTest.TestCaseNokari.launchBrowser(TestCaseNokari.java:13)
at NokariTest.TestCaseNokari.launchBrowser(TestCaseNokari.java:13)
at NokariTest.TestCaseNokari.launchBrowser(TestCaseNokari.java:13)
at NokariTest.TestCaseNokari.launchBrowser(TestCaseNokari.java:13)
at NokariTest.TestCaseNokari.launchBrowser(TestCaseNokari.java:13)
at NokariTest.TestCaseNokari.launchBrowser(TestCaseNokari.java:13)
at NokariTest.TestCaseNokari.launchBrowser(TestCaseNokari.java:13)
at NokariTest.TestCaseNokari.launchBrowser(TestCaseNokari.java:13)
at NokariTest.TestCaseNokari.launchBrowser(TestCaseNokari.java:13)
at NokariTest.TestCaseNokari.launchBrowser(TestCaseNokari.java:13)
at NokariTest.TestCaseNokari.launchBrowser(TestCaseNokari.java:13)
at NokariTest.TestCaseNokari.launchBrowser(TestCaseNokari.java:13)
at NokariTest.TestCaseNokari.launchBrowser(TestCaseNokari.java:13)
at NokariTest.TestCaseNokari.launchBrowser(TestCaseNokari.java:13)
at NokariTest.TestCaseNokari.launchBrowser(TestCaseNokari.java:13)
at NokariTest.TestCaseNokari.launchBrowser(TestCaseNokari.java:13)
at NokariTest.TestCaseNokari.launchBrowser(TestCaseNokari.java:13)
at NokariTest.TestCaseNokari.launchBrowser(TestCaseNokari.java:13)
at NokariTest.TestCaseNokari.launchBrowser(TestCaseNokari.java:13)
at NokariTest.TestCaseNokari.launchBrowser(TestCaseNokari.java:13)
at NokariTest.TestCaseNokari.launchBrowser(TestCaseNokari.java:13)
at NokariTest.TestCaseNokari.launchBrowser(TestCaseNokari.java:13)
at NokariTest.TestCaseNokari.launchBrowser(TestCaseNokari.java:13)
at NokariTest.TestCaseNokari.launchBrowser(TestCaseNokari.java:13)
at NokariTest.TestCaseNokari.launchBrowser(TestCaseNokari.java:13)
at NokariTest.TestCaseNokari.launchBrowser(TestCaseNokari.java:13)
at NokariTest.TestCaseNokari.launchBrowser(TestCaseNokari.java:13)
at NokariTest.TestCaseNokari.launchBrowser(TestCaseNokari.java:13)
at NokariTest.TestCaseNokari.launchBrowser(TestCaseNokari.java:13)
at NokariTest.TestCaseNokari.launchBrowser(TestCaseNokari.java:13)
at NokariTest.TestCaseNokari.launchBrowser(TestCaseNokari.java:13)
at NokariTest.TestCaseNokari.launchBrowser(TestCaseNokari.java:13)
at NokariTest.TestCaseNokari.launchBrowser(TestCaseNokari.java:13)
at NokariTest.TestCaseNokari.launchBrowser(TestCaseNokari.java:13)
at NokariTest.TestCaseNokari.launchBrowser(TestCaseNokari.java:13)
at NokariTest.TestCaseNokari.launchBrowser(TestCaseNokari.java:13)
at NokariTest.TestCaseNokari.launchBrowser(TestCaseNokari.java:13)
at NokariTest.TestCaseNokari.launchBrowser(TestCaseNokari.java:13)
at NokariTest.TestCaseNokari.launchBrowser(TestCaseNokari.java:13)
at NokariTest.TestCaseNokari.launchBrowser(TestCaseNokari.java:13)
at NokariTest.TestCaseNokari.launchBrowser(TestCaseNokari.java:13)
at NokariTest.TestCaseNokari.launchBrowser(TestCaseNokari.java:13)
at NokariTest.TestCaseNokari.launchBrowser(TestCaseNokari.java:13)
at NokariTest.TestCaseNokari.launchBrowser(TestCaseNokari.java:13)
at NokariTest.TestCaseNokari.launchBrowser(TestCaseNokari.java:13)
at NokariTest.TestCaseNokari.launchBrowser(TestCaseNokari.java:13)
at NokariTest.TestCaseNokari.launchBrowser(TestCaseNokari.java:13)
at NokariTest.TestCaseNokari.launchBrowser(TestCaseNokari.java:13)
at NokariTest.TestCaseNokari.launchBrowser(TestCaseNokari.java:13)
at NokariTest.TestCaseNokari.launchBrowser(TestCaseNokari.java:13)
at NokariTest.TestCaseNokari.launchBrowser(TestCaseNokari.java:13)
at NokariTest.TestCaseNokari.launchBrowser(TestCaseNokari.java:13)
at NokariTest.TestCaseNokari.launchBrowser(TestCaseNokari.java:13)
at NokariTest.TestCaseNokari.launchBrowser(TestCaseNokari.java:13)
at NokariTest.TestCaseNokari.launchBrowser(TestCaseNokari.java:13)
at NokariTest.TestCaseNokari.launchBrowser(TestCaseNokari.java:13)
at NokariTest.TestCaseNokari.launchBrowser(TestCaseNokari.java:13)
at NokariTest.TestCaseNokari.launchBrowser(TestCaseNokari.java:13)
at NokariTest.TestCaseNokari.launchBrowser(TestCaseNokari.java:13)
at NokariTest.TestCaseNokari.launchBrowser(TestCaseNokari.java:13)
at NokariTest.TestCaseNokari.launchBrowser(TestCaseNokari.java:13)
at NokariTest.TestCaseNokari.launchBrowser(TestCaseNokari.java:13)
at NokariTest.TestCaseNokari.launchBrowser(TestCaseNokari.java:13)
at NokariTest.TestCaseNokari.launchBrowser(TestCaseNokari.java:13)
at NokariTest.TestCaseNokari.launchBrowser(TestCaseNokari.java:13)
at NokariTest.TestCaseNokari.launchBrowser(TestCaseNokari.java:13)
at NokariTest.TestCaseNokari.launchBrowser(TestCaseNokari.java:13)
at NokariTest.TestCaseNokari.launchBrowser(TestCaseNokari.java:13)
at NokariTest.TestCaseNokari.launchBrowser(TestCaseNokari.java:13)
at NokariTest.TestCaseNokari.launchBrowser(TestCaseNokari.java:13)
at NokariTest.TestCaseNokari.launchBrowser(TestCaseNokari.java:13)
at NokariTest.TestCaseNokari.launchBrowser(TestCaseNokari.java:13)
at NokariTest.TestCaseNokari.launchBrowser(TestCaseNokari.java:13)
at NokariTest.TestCaseNokari.launchBrowser(TestCaseNokari.java:13)
at NokariTest.TestCaseNokari.launchBrowser(TestCaseNokari.java:13)
at NokariTest.TestCaseNokari.launchBrowser(TestCaseNokari.java:13)
at NokariTest.TestCaseNokari.launchBrowser(TestCaseNokari.java:13)
at NokariTest.TestCaseNokari.launchBrowser(TestCaseNokari.java:13)
at NokariTest.TestCaseNokari.launchBrowser(TestCaseNokari.java:13)
at NokariTest.TestCaseNokari.launchBrowser(TestCaseNokari.java:13)
at NokariTest.TestCaseNokari.launchBrowser(TestCaseNokari.java:13)
at NokariTest.TestCaseNokari.launchBrowser(TestCaseNokari.java:13)
at NokariTest.TestCaseNokari.launchBrowser(TestCaseNokari.java:13)
at NokariTest.TestCaseNokari.launchBrowser(TestCaseNokari.java:13)
at NokariTest.TestCaseNokari.launchBrowser(TestCaseNokari.java:13)
at NokariTest.TestCaseNokari.launchBrowser(TestCaseNokari.java:13)
at NokariTest.TestCaseNokari.launchBrowser(TestCaseNokari.java:13)
at NokariTest.TestCaseNokari.launchBrowser(TestCaseNokari.java:13)
at NokariTest.TestCaseNokari.launchBrowser(TestCaseNokari.java:13)
at NokariTest.TestCaseNokari.launchBrowser(TestCaseNokari.java:13)
at NokariTest.TestCaseNokari.launchBrowser(TestCaseNokari.java:13)
at NokariTest.TestCaseNokari.launchBrowser(TestCaseNokari.java:13)
at NokariTest.TestCaseNokari.launchBrowser(TestCaseNokari.java:13)
at NokariTest.TestCaseNokari.launchBrowser(TestCaseNokari.java:13)
at NokariTest.TestCaseNokari.launchBrowser(TestCaseNokari.java:13)
at NokariTest.TestCaseNokari.launchBrowser(TestCaseNokari.java:13)
at NokariTest.TestCaseNokari.launchBrowser(TestCaseNokari.java:13)
at NokariTest.TestCaseNokari.launchBrowser(TestCaseNokari.java:13)
at NokariTest.TestCaseNokari.launchBrowser(TestCaseNokari.java:13)
at NokariTest.TestCaseNokari.launchBrowser(TestCaseNokari.java:13)
at NokariTest.TestCaseNokari.launchBrowser(TestCaseNokari.java:13)
at NokariTest.TestCaseNokari.launchBrowser(TestCaseNokari.java:13)
at NokariTest.TestCaseNokari.launchBrowser(TestCaseNokari.java:13)
at NokariTest.TestCaseNokari.launchBrowser(TestCaseNokari.java:13)
at NokariTest.TestCaseNokari.launchBrowser(TestCaseNokari.java:13)
at NokariTest.TestCaseNokari.launchBrowser(TestCaseNokari.java:13)
at NokariTest.TestCaseNokari.launchBrowser(TestCaseNokari.java:13)
at NokariTest.TestCaseNokari.launchBrowser(TestCaseNokari.java:13)
at NokariTest.TestCaseNokari.launchBrowser(TestCaseNokari.java:13)
at NokariTest.TestCaseNokari.launchBrowser(TestCaseNokari.java:13)
at NokariTest.TestCaseNokari.launchBrowser(TestCaseNokari.java:13)
at NokariTest.TestCaseNokari.launchBrowser(TestCaseNokari.java:13)
at NokariTest.TestCaseNokari.launchBrowser(TestCaseNokari.java:13)
at NokariTest.TestCaseNokari.launchBrowser(TestCaseNokari.java:13)
at NokariTest.TestCaseNokari.launchBrowser(TestCaseNokari.java:13)
at NokariTest.TestCaseNokari.launchBrowser(TestCaseNokari.java:13)
at NokariTest.TestCaseNokari.launchBrowser(TestCaseNokari.java:13)
at NokariTest.TestCaseNokari.launchBrowser(TestCaseNokari.java:13)
at NokariTest.TestCaseNokari.launchBrowser(TestCaseNokari.java:13)
at NokariTest.TestCaseNokari.launchBrowser(TestCaseNokari.java:13)
at NokariTest.TestCaseNokari.launchBrowser(TestCaseNokari.java:13)
at NokariTest.TestCaseNokari.launchBrowser(TestCaseNokari.java:13)
at NokariTest.TestCaseNokari.launchBrowser(TestCaseNokari.java:13)
at NokariTest.TestCaseNokari.launchBrowser(TestCaseNokari.java:13)
at NokariTest.TestCaseNokari.launchBrowser(TestCaseNokari.java:13)
at NokariTest.TestCaseNokari.launchBrowser(TestCaseNokari.java:13)
at NokariTest.TestCaseNokari.launchBrowser(TestCaseNokari.java:13)
at NokariTest.TestCaseNokari.launchBrowser(TestCaseNokari.java:13)
at NokariTest.TestCaseNokari.launchBrowser(TestCaseNokari.java:13)
at NokariTest.TestCaseNokari.launchBrowser(TestCaseNokari.java:13)
at NokariTest.TestCaseNokari.launchBrowser(TestCaseNokari.java:13)
at NokariTest.TestCaseNokari.launchBrowser(TestCaseNokari.java:13)
at NokariTest.TestCaseNokari.launchBrowser(TestCaseNokari.java:13)
at NokariTest.TestCaseNokari.launchBrowser(TestCaseNokari.java:13)
at NokariTest.TestCaseNokari.launchBrowser(TestCaseNokari.java:13)
at NokariTest.TestCaseNokari.launchBrowser(TestCaseNokari.java:13)
at NokariTest.TestCaseNokari.launchBrowser(TestCaseNokari.java:13)
at NokariTest.TestCaseNokari.launchBrowser(TestCaseNokari.java:13)
at NokariTest.TestCaseNokari.launchBrowser(TestCaseNokari.java:13)
at NokariTest.TestCaseNokari.launchBrowser(TestCaseNokari.java:13)
at NokariTest.TestCaseNokari.launchBrowser(TestCaseNokari.java:13)
at NokariTest.TestCaseNokari.launchBrowser(TestCaseNokari.java:13)
at NokariTest.TestCaseNokari.launchBrowser(TestCaseNokari.java:13)
at NokariTest.TestCaseNokari.launchBrowser(TestCaseNokari.java:13)
at NokariTest.TestCaseNokari.launchBrowser(TestCaseNokari.java:13)
at NokariTest.TestCaseNokari.launchBrowser(TestCaseNokari.java:13)
at NokariTest.TestCaseNokari.launchBrowser(TestCaseNokari.java:13)
at NokariTest.TestCaseNokari.launchBrowser(TestCaseNokari.java:13)
at NokariTest.TestCaseNokari.launchBrowser(TestCaseNokari.java:13)
at NokariTest.TestCaseNokari.launchBrowser(TestCaseNokari.java:13)
at NokariTest.TestCaseNokari.launchBrowser(TestCaseNokari.java:13)
at NokariTest.TestCaseNokari.launchBrowser(TestCaseNokari.java:13)
at NokariTest.TestCaseNokari.launchBrowser(TestCaseNokari.java:13)
at NokariTest.TestCaseNokari.launchBrowser(TestCaseNokari.java:13)
at NokariTest.TestCaseNokari.launchBrowser(TestCaseNokari.java:13)
at NokariTest.TestCaseNokari.launchBrowser(TestCaseNokari.java:13)
at NokariTest.TestCaseNokari.launchBrowser(TestCaseNokari.java:13)
at NokariTest.TestCaseNokari.launchBrowser(TestCaseNokari.java:13)
at NokariTest.TestCaseNokari.launchBrowser(TestCaseNokari.java:13)
at NokariTest.TestCaseNokari.launchBrowser(TestCaseNokari.java:13)
at NokariTest.TestCaseNokari.launchBrowser(TestCaseNokari.java:13)
at NokariTest.TestCaseNokari.launchBrowser(TestCaseNokari.java:13)
at NokariTest.TestCaseNokari.launchBrowser(TestCaseNokari.java:13)
at NokariTest.TestCaseNokari.launchBrowser(TestCaseNokari.java:13)
at NokariTest.TestCaseNokari.launchBrowser(TestCaseNokari.java:13)
at NokariTest.TestCaseNokari.launchBrowser(TestCaseNokari.java:13)
at NokariTest.TestCaseNokari.launchBrowser(TestCaseNokari.java:13)
at NokariTest.TestCaseNokari.launchBrowser(TestCaseNokari.java:13)
at NokariTest.TestCaseNokari.launchBrowser(TestCaseNokari.java:13)
at NokariTest.TestCaseNokari.launchBrowser(TestCaseNokari.java:13)
at NokariTest.TestCaseNokari.launchBrowser(TestCaseNokari.java:13)
at NokariTest.TestCaseNokari.launchBrowser(TestCaseNokari.java:13)
at NokariTest.TestCaseNokari.launchBrowser(TestCaseNokari.java:13)
at NokariTest.TestCaseNokari.launchBrowser(TestCaseNokari.java:13)
at NokariTest.TestCaseNokari.launchBrowser(TestCaseNokari.java:13)
at NokariTest.TestCaseNokari.launchBrowser(TestCaseNokari.java:13)
at NokariTest.TestCaseNokari.launchBrowser(TestCaseNokari.java:13)
at NokariTest.TestCaseNokari.launchBrowser(TestCaseNokari.java:13)
at NokariTest.TestCaseNokari.launchBrowser(TestCaseNokari.java:13)
at NokariTest.TestCaseNokari.launchBrowser(TestCaseNokari.java:13)
at NokariTest.TestCaseNokari.launchBrowser(TestCaseNokari.java:13)
at NokariTest.TestCaseNokari.launchBrowser(TestCaseNokari.java:13)
at NokariTest.TestCaseNokari.launchBrowser(TestCaseNokari.java:13)
at NokariTest.TestCaseNokari.launchBrowser(TestCaseNokari.java:13)
at NokariTest.TestCaseNokari.launchBrowser(TestCaseNokari.java:13)
at NokariTest.TestCaseNokari.launchBrowser(TestCaseNokari.java:13)
at NokariTest.TestCaseNokari.launchBrowser(TestCaseNokari.java:13)
at NokariTest.TestCaseNokari.launchBrowser(TestCaseNokari.java:13)
at NokariTest.TestCaseNokari.launchBrowser(TestCaseNokari.java:13)
at NokariTest.TestCaseNokari.launchBrowser(TestCaseNokari.java:13)
at NokariTest.TestCaseNokari.launchBrowser(TestCaseNokari.java:13)
at NokariTest.TestCaseNokari.launchBrowser(TestCaseNokari.java:13)
at NokariTest.TestCaseNokari.launchBrowser(TestCaseNokari.java:13)
at NokariTest.TestCaseNokari.launchBrowser(TestCaseNokari.java:13)
at NokariTest.TestCaseNokari.launchBrowser(TestCaseNokari.java:13)
at NokariTest.TestCaseNokari.launchBrowser(TestCaseNokari.java:13)
at NokariTest.TestCaseNokari.launchBrowser(TestCaseNokari.java:13)
at NokariTest.TestCaseNokari.launchBrowser(TestCaseNokari.java:13)
at NokariTest.TestCaseNokari.launchBrowser(TestCaseNokari.java:13)
at NokariTest.TestCaseNokari.launchBrowser(TestCaseNokari.java:13)
at NokariTest.TestCaseNokari.launchBrowser(TestCaseNokari.java:13)
at NokariTest.TestCaseNokari.launchBrowser(TestCaseNokari.java:13)
at NokariTest.TestCaseNokari.launchBrowser(TestCaseNokari.java:13)
at NokariTest.TestCaseNokari.launchBrowser(TestCaseNokari.java:13)
at NokariTest.TestCaseNokari.launchBrowser(TestCaseNokari.java:13)
at NokariTest.TestCaseNokari.launchBrowser(TestCaseNokari.java:13)
at NokariTest.TestCaseNokari.launchBrowser(TestCaseNokari.java:13)
at NokariTest.TestCaseNokari.launchBrowser(TestCaseNokari.java:13)
at NokariTest.TestCaseNokari.launchBrowser(TestCaseNokari.java:13)
at NokariTest.TestCaseNokari.launchBrowser(TestCaseNokari.java:13)
at NokariTest.TestCaseNokari.launchBrowser(TestCaseNokari.java:13)
at NokariTest.TestCaseNokari.launchBrowser(TestCaseNokari.java:13)
at NokariTest.TestCaseNokari.launchBrowser(TestCaseNokari.java:13)
at NokariTest.TestCaseNokari.launchBrowser(TestCaseNokari.java:13)
at NokariTest.TestCaseNokari.launchBrowser(TestCaseNokari.java:13)
at NokariTest.TestCaseNokari.launchBrowser(TestCaseNokari.java:13)
at NokariTest.TestCaseNokari.launchBrowser(TestCaseNokari.java:13)
at NokariTest.TestCaseNokari.launchBrowser(TestCaseNokari.java:13)
at NokariTest.TestCaseNokari.launchBrowser(TestCaseNokari.java:13)
at NokariTest.TestCaseNokari.launchBrowser(TestCaseNokari.java:13)
at NokariTest.TestCaseNokari.launchBrowser(TestCaseNokari.java:13)
at NokariTest.TestCaseNokari.launchBrowser(TestCaseNokari.java:13)
at NokariTest.TestCaseNokari.launchBrowser(TestCaseNokari.java:13)
at NokariTest.TestCaseNokari.launchBrowser(TestCaseNokari.java:13)
at NokariTest.TestCaseNokari.launchBrowser(TestCaseNokari.java:13)
at NokariTest.TestCaseNokari.launchBrowser(TestCaseNokari.java:13)
at NokariTest.TestCaseNokari.launchBrowser(TestCaseNokari.java:13)
at NokariTest.TestCaseNokari.launchBrowser(TestCaseNokari.java:13)
at NokariTest.TestCaseNokari.launchBrowser(TestCaseNokari.java:13)
at NokariTest.TestCaseNokari.launchBrowser(TestCaseNokari.java:13)
at NokariTest.TestCaseNokari.launchBrowser(TestCaseNokari.java:13)
at NokariTest.TestCaseNokari.launchBrowser(TestCaseNokari.java:13)
at NokariTest.TestCaseNokari.launchBrowser(TestCaseNokari.java:13)
at NokariTest.TestCaseNokari.launchBrowser(TestCaseNokari.java:13)
at NokariTest.TestCaseNokari.launchBrowser(TestCaseNokari.java:13)
at NokariTest.TestCaseNokari.launchBrowser(TestCaseNokari.java:13)
at NokariTest.TestCaseNokari.launchBrowser(TestCaseNokari.java:13)
at NokariTest.TestCaseNokari.launchBrowser(TestCaseNokari.java:13)
at NokariTest.TestCaseNokari.launchBrowser(TestCaseNokari.java:13)
at NokariTest.TestCaseNokari.launchBrowser(TestCaseNokari.java:13)
at NokariTest.TestCaseNokari.launchBrowser(TestCaseNokari.java:13)
at NokariTest.TestCaseNokari.launchBrowser(TestCaseNokari.java:13)
at NokariTest.TestCaseNokari.launchBrowser(TestCaseNokari.java:13)
at NokariTest.TestCaseNokari.launchBrowser(TestCaseNokari.java:13)
at NokariTest.TestCaseNokari.launchBrowser(TestCaseNokari.java:13)
at NokariTest.TestCaseNokari.launchBrowser(TestCaseNokari.java:13)
at NokariTest.TestCaseNokari.launchBrowser(TestCaseNokari.java:13)
at NokariTest.TestCaseNokari.launchBrowser(TestCaseNokari.java:13)
at NokariTest.TestCaseNokari.launchBrowser(TestCaseNokari.java:13)
at NokariTest.TestCaseNokari.launchBrowser(TestCaseNokari.java:13)
at NokariTest.TestCaseNokari.launchBrowser(TestCaseNokari.java:13)
at NokariTest.TestCaseNokari.launchBrowser(TestCaseNokari.java:13)
at NokariTest.TestCaseNokari.launchBrowser(TestCaseNokari.java:13)
at NokariTest.TestCaseNokari.launchBrowser(TestCaseNokari.java:13)
at NokariTest.TestCaseNokari.launchBrowser(TestCaseNokari.java:13)
at NokariTest.TestCaseNokari.launchBrowser(TestCaseNokari.java:13)
at NokariTest.TestCaseNokari.launchBrowser(TestCaseNokari.java:13)
at NokariTest.TestCaseNokari.launchBrowser(TestCaseNokari.java:13)
at NokariTest.TestCaseNokari.launchBrowser(TestCaseNokari.java:13)
at NokariTest.TestCaseNokari.launchBrowser(TestCaseNokari.java:13)
at NokariTest.TestCaseNokari.launchBrowser(TestCaseNokari.java:13)
at NokariTest.TestCaseNokari.launchBrowser(TestCaseNokari.java:13)
at NokariTest.TestCaseNokari.launchBrowser(TestCaseNokari.java:13)
at NokariTest.TestCaseNokari.launchBrowser(TestCaseNokari.java:13)
at NokariTest.TestCaseNokari.launchBrowser(TestCaseNokari.java:13)
at NokariTest.TestCaseNokari.launchBrowser(TestCaseNokari.java:13)
at NokariTest.TestCaseNokari.launchBrowser(TestCaseNokari.java:13)
at NokariTest.TestCaseNokari.launchBrowser(TestCaseNokari.java:13)
at NokariTest.TestCaseNokari.launchBrowser(TestCaseNokari.java:13)
at NokariTest.TestCaseNokari.launchBrowser(TestCaseNokari.java:13)
at NokariTest.TestCaseNokari.launchBrowser(TestCaseNokari.java:13)
at NokariTest.TestCaseNokari.launchBrowser(TestCaseNokari.java:13)
at NokariTest.TestCaseNokari.launchBrowser(TestCaseNokari.java:13)
at NokariTest.TestCaseNokari.launchBrowser(TestCaseNokari.java:13)
at NokariTest.TestCaseNokari.launchBrowser(TestCaseNokari.java:13)
at NokariTest.TestCaseNokari.launchBrowser(TestCaseNokari.java:13)
at NokariTest.TestCaseNokari.launchBrowser(TestCaseNokari.java:13)
at NokariTest.TestCaseNokari.launchBrowser(TestCaseNokari.java:13)
at NokariTest.TestCaseNokari.launchBrowser(TestCaseNokari.java:13)
at NokariTest.TestCaseNokari.launchBrowser(TestCaseNokari.java:13)
at NokariTest.TestCaseNokari.launchBrowser(TestCaseNokari.java:13)
at NokariTest.TestCaseNokari.launchBrowser(TestCaseNokari.java:13)
at NokariTest.TestCaseNokari.launchBrowser(TestCaseNokari.java:13)
at NokariTest.TestCaseNokari.launchBrowser(TestCaseNokari.java:13)
at NokariTest.TestCaseNokari.launchBrowser(TestCaseNokari.java:13)
at NokariTest.TestCaseNokari.launchBrowser(TestCaseNokari.java:13)
at NokariTest.TestCaseNokari.launchBrowser(TestCaseNokari.java:13)
at NokariTest.TestCaseNokari.launchBrowser(TestCaseNokari.java:13)
at NokariTest.TestCaseNokari.launchBrowser(TestCaseNokari.java:13)
at NokariTest.TestCaseNokari.launchBrowser(TestCaseNokari.java:13)
at NokariTest.TestCaseNokari.launchBrowser(TestCaseNokari.java:13)
at NokariTest.TestCaseNokari.launchBrowser(TestCaseNokari.java:13)
at NokariTest.TestCaseNokari.launchBrowser(TestCaseNokari.java:13)
at NokariTest.TestCaseNokari.launchBrowser(TestCaseNokari.java:13)
at NokariTest.TestCaseNokari.launchBrowser(TestCaseNokari.java:13)
at NokariTest.TestCaseNokari.launchBrowser(TestCaseNokari.java:13)
at NokariTest.TestCaseNokari.launchBrowser(TestCaseNokari.java:13)
at NokariTest.TestCaseNokari.launchBrowser(TestCaseNokari.java:13)
at NokariTest.TestCaseNokari.launchBrowser(TestCaseNokari.java:13)
at NokariTest.TestCaseNokari.launchBrowser(TestCaseNokari.java:13)
at NokariTest.TestCaseNokari.launchBrowser(TestCaseNokari.java:13)
at NokariTest.TestCaseNokari.launchBrowser(TestCaseNokari.java:13)
at NokariTest.TestCaseNokari.launchBrowser(TestCaseNokari.java:13)
at NokariTest.TestCaseNokari.launchBrowser(TestCaseNokari.java:13)
at NokariTest.TestCaseNokari.launchBrowser(TestCaseNokari.java:13)
at NokariTest.TestCaseNokari.launchBrowser(TestCaseNokari.java:13)
at NokariTest.TestCaseNokari.launchBrowser(TestCaseNokari.java:13)
at NokariTest.TestCaseNokari.launchBrowser(TestCaseNokari.java:13)
at NokariTest.TestCaseNokari.launchBrowser(TestCaseNokari.java:13)
at NokariTest.TestCaseNokari.launchBrowser(TestCaseNokari.java:13)
at NokariTest.TestCaseNokari.launchBrowser(TestCaseNokari.java:13)
at NokariTest.TestCaseNokari.launchBrowser(TestCaseNokari.java:13)
at NokariTest.TestCaseNokari.launchBrowser(TestCaseNokari.java:13)
at NokariTest.TestCaseNokari.launchBrowser(TestCaseNokari.java:13)
at NokariTest.TestCaseNokari.launchBrowser(TestCaseNokari.java:13)
at NokariTest.TestCaseNokari.launchBrowser(TestCaseNokari.java:13)
at NokariTest.TestCaseNokari.launchBrowser(TestCaseNokari.java:13)
at NokariTest.TestCaseNokari.launchBrowser(TestCaseNokari.java:13)
at NokariTest.TestCaseNokari.launchBrowser(TestCaseNokari.java:13)
at NokariTest.TestCaseNokari.launchBrowser(TestCaseNokari.java:13)
at NokariTest.TestCaseNokari.launchBrowser(TestCaseNokari.java:13)
at NokariTest.TestCaseNokari.launchBrowser(TestCaseNokari.java:13)
at NokariTest.TestCaseNokari.launchBrowser(TestCaseNokari.java:13)
at NokariTest.TestCaseNokari.launchBrowser(TestCaseNokari.java:13)
at NokariTest.TestCaseNokari.launchBrowser(TestCaseNokari.java:13)
at NokariTest.TestCaseNokari.launchBrowser(TestCaseNokari.java:13)
at NokariTest.TestCaseNokari.launchBrowser(TestCaseNokari.java:13)
at NokariTest.TestCaseNokari.launchBrowser(TestCaseNokari.java:13)
at NokariTest.TestCaseNokari.launchBrowser(TestCaseNokari.java:13)
at NokariTest.TestCaseNokari.launchBrowser(TestCaseNokari.java:13)
at NokariTest.TestCaseNokari.launchBrowser(TestCaseNokari.java:13)
at NokariTest.TestCaseNokari.launchBrowser(TestCaseNokari.java:13)
at NokariTest.TestCaseNokari.launchBrowser(TestCaseNokari.java:13)
at NokariTest.TestCaseNokari.launchBrowser(TestCaseNokari.java:13)
at NokariTest.TestCaseNokari.launchBrowser(TestCaseNokari.java:13)
at NokariTest.TestCaseNokari.launchBrowser(TestCaseNokari.java:13)
at NokariTest.TestCaseNokari.launchBrowser(TestCaseNokari.java:13)
at NokariTest.TestCaseNokari.launchBrowser(TestCaseNokari.java:13)
at NokariTest.TestCaseNokari.launchBrowser(TestCaseNokari.java:13)
at NokariTest.TestCaseNokari.launchBrowser(TestCaseNokari.java:13)
at NokariTest.TestCaseNokari.launchBrowser(TestCaseNokari.java:13)
at NokariTest.TestCaseNokari.launchBrowser(TestCaseNokari.java:13)
at NokariTest.TestCaseNokari.launchBrowser(TestCaseNokari.java:13)
at NokariTest.TestCaseNokari.launchBrowser(TestCaseNokari.java:13)
at NokariTest.TestCaseNokari.launchBrowser(TestCaseNokari.java:13)
at NokariTest.TestCaseNokari.launchBrowser(TestCaseNokari.java:13)
at NokariTest.TestCaseNokari.launchBrowser(TestCaseNokari.java:13)
at NokariTest.TestCaseNokari.launchBrowser(TestCaseNokari.java:13)
at NokariTest.TestCaseNokari.launchBrowser(TestCaseNokari.java:13)
at NokariTest.TestCaseNokari.launchBrowser(TestCaseNokari.java:13)
at NokariTest.TestCaseNokari.launchBrowser(TestCaseNokari.java:13)
at NokariTest.TestCaseNokari.launchBrowser(TestCaseNokari.java:13)
at NokariTest.TestCaseNokari.launchBrowser(TestCaseNokari.java:13)
at NokariTest.TestCaseNokari.launchBrowser(TestCaseNokari.java:13)
at NokariTest.TestCaseNokari.launchBrowser(TestCaseNokari.java:13)
at NokariTest.TestCaseNokari.launchBrowser(TestCaseNokari.java:13)
at NokariTest.TestCaseNokari.launchBrowser(TestCaseNokari.java:13)
at NokariTest.TestCaseNokari.launchBrowser(TestCaseNokari.java:13)
at NokariTest.TestCaseNokari.launchBrowser(TestCaseNokari.java:13)
at NokariTest.TestCaseNokari.launchBrowser(TestCaseNokari.java:13)
at NokariTest.TestCaseNokari.launchBrowser(TestCaseNokari.java:13)
at NokariTest.TestCaseNokari.launchBrowser(TestCaseNokari.java:13)
at NokariTest.TestCaseNokari.launchBrowser(TestCaseNokari.java:13)
at NokariTest.TestCaseNokari.launchBrowser(TestCaseNokari.java:13)
at NokariTest.TestCaseNokari.launchBrowser(TestCaseNokari.java:13)
at NokariTest.TestCaseNokari.launchBrowser(TestCaseNokari.java:13)
at NokariTest.TestCaseNokari.launchBrowser(TestCaseNokari.java:13)
at NokariTest.TestCaseNokari.launchBrowser(TestCaseNokari.java:13)
at NokariTest.TestCaseNokari.launchBrowser(TestCaseNokari.java:13)
at NokariTest.TestCaseNokari.launchBrowser(TestCaseNokari.java:13)
at NokariTest.TestCaseNokari.launchBrowser(TestCaseNokari.java:13)
at NokariTest.TestCaseNokari.launchBrowser(TestCaseNokari.java:13)
at NokariTest.TestCaseNokari.launchBrowser(TestCaseNokari.java:13)
at NokariTest.TestCaseNokari.launchBrowser(TestCaseNokari.java:13)
at NokariTest.TestCaseNokari.launchBrowser(TestCaseNokari.java:13)
at NokariTest.TestCaseNokari.launchBrowser(TestCaseNokari.java:13)
at NokariTest.TestCaseNokari.launchBrowser(TestCaseNokari.java:13)
at NokariTest.TestCaseNokari.launchBrowser(TestCaseNokari.java:13)
at NokariTest.TestCaseNokari.launchBrowser(TestCaseNokari.java:13)
at NokariTest.TestCaseNokari.launchBrowser(TestCaseNokari.java:13)
at NokariTest.TestCaseNokari.launchBrowser(TestCaseNokari.java:13)
at NokariTest.TestCaseNokari.launchBrowser(TestCaseNokari.java:13)
at NokariTest.TestCaseNokari.launchBrowser(TestCaseNokari.java:13)
at NokariTest.TestCaseNokari.launchBrowser(TestCaseNokari.java:13)
at NokariTest.TestCaseNokari.launchBrowser(TestCaseNokari.java:13)
at NokariTest.TestCaseNokari.launchBrowser(TestCaseNokari.java:13)
at NokariTest.TestCaseNokari.launchBrowser(TestCaseNokari.java:13)
at NokariTest.TestCaseNokari.launchBrowser(TestCaseNokari.java:13)
at NokariTest.TestCaseNokari.launchBrowser(TestCaseNokari.java:13)
at NokariTest.TestCaseNokari.launchBrowser(TestCaseNokari.java:13)
at NokariTest.TestCaseNokari.launchBrowser(TestCaseNokari.java:13)
at NokariTest.TestCaseNokari.launchBrowser(TestCaseNokari.java:13)
at NokariTest.TestCaseNokari.launchBrowser(TestCaseNokari.java:13)
at NokariTest.TestCaseNokari.launchBrowser(TestCaseNokari.java:13)
at NokariTest.TestCaseNokari.launchBrowser(TestCaseNokari.java:13)
at NokariTest.TestCaseNokari.launchBrowser(TestCaseNokari.java:13)
at NokariTest.TestCaseNokari.launchBrowser(TestCaseNokari.java:13)
at NokariTest.TestCaseNokari.launchBrowser(TestCaseNokari.java:13)
at NokariTest.TestCaseNokari.launchBrowser(TestCaseNokari.java:13)
at NokariTest.TestCaseNokari.launchBrowser(TestCaseNokari.java:13)
at NokariTest.TestCaseNokari.launchBrowser(TestCaseNokari.java:13)
at NokariTest.TestCaseNokari.launchBrowser(TestCaseNokari.java:13)
at NokariTest.TestCaseNokari.launchBrowser(TestCaseNokari.java:13)
at NokariTest.TestCaseNokari.launchBrowser(TestCaseNokari.java:13)
at NokariTest.TestCaseNokari.launchBrowser(TestCaseNokari.java:13)
at NokariTest.TestCaseNokari.launchBrowser(TestCaseNokari.java:13)
at NokariTest.TestCaseNokari.launchBrowser(TestCaseNokari.java:13)
at NokariTest.TestCaseNokari.launchBrowser(TestCaseNokari.java:13)
at NokariTest.TestCaseNokari.launchBrowser(TestCaseNokari.java:13)
at NokariTest.TestCaseNokari.launchBrowser(TestCaseNokari.java:13)
at NokariTest.TestCaseNokari.launchBrowser(TestCaseNokari.java:13)
at NokariTest.TestCaseNokari.launchBrowser(TestCaseNokari.java:13)
at NokariTest.TestCaseNokari.launchBrowser(TestCaseNokari.java:13)
at NokariTest.TestCaseNokari.launchBrowser(TestCaseNokari.java:13)
at NokariTest.TestCaseNokari.launchBrowser(TestCaseNokari.java:13)
at NokariTest.TestCaseNokari.launchBrowser(TestCaseNokari.java:13)
at NokariTest.TestCaseNokari.launchBrowser(TestCaseNokari.java:13)
at NokariTest.TestCaseNokari.launchBrowser(TestCaseNokari.java:13)
at NokariTest.TestCaseNokari.launchBrowser(TestCaseNokari.java:13)
at NokariTest.TestCaseNokari.launchBrowser(TestCaseNokari.java:13)
at NokariTest.TestCaseNokari.launchBrowser(TestCaseNokari.java:13)
at NokariTest.TestCaseNokari.launchBrowser(TestCaseNokari.java:13)
at NokariTest.TestCaseNokari.launchBrowser(TestCaseNokari.java:13)
at NokariTest.TestCaseNokari.launchBrowser(TestCaseNokari.java:13)
at NokariTest.TestCaseNokari.launchBrowser(TestCaseNokari.java:13)
at NokariTest.TestCaseNokari.launchBrowser(TestCaseNokari.java:13)
at NokariTest.TestCaseNokari.launchBrowser(TestCaseNokari.java:13)
at NokariTest.TestCaseNokari.launchBrowser(TestCaseNokari.java:13)
at NokariTest.TestCaseNokari.launchBrowser(TestCaseNokari.java:13)
at NokariTest.TestCaseNokari.launchBrowser(TestCaseNokari.java:13)
at NokariTest.TestCaseNokari.launchBrowser(TestCaseNokari.java:13)
at NokariTest.TestCaseNokari.launchBrowser(TestCaseNokari.java:13)
at NokariTest.TestCaseNokari.launchBrowser(TestCaseNokari.java:13)
at NokariTest.TestCaseNokari.launchBrowser(TestCaseNokari.java:13)
at NokariTest.TestCaseNokari.launchBrowser(TestCaseNokari.java:13)
at NokariTest.TestCaseNokari.launchBrowser(TestCaseNokari.java:13)
at NokariTest.TestCaseNokari.launchBrowser(TestCaseNokari.java:13)
at NokariTest.TestCaseNokari.launchBrowser(TestCaseNokari.java:13)
at NokariTest.TestCaseNokari.launchBrowser(TestCaseNokari.java:13)
at NokariTest.TestCaseNokari.launchBrowser(TestCaseNokari.java:13)
at NokariTest.TestCaseNokari.launchBrowser(TestCaseNokari.java:13)
at NokariTest.TestCaseNokari.launchBrowser(TestCaseNokari.java:13)
at NokariTest.TestCaseNokari.launchBrowser(TestCaseNokari.java:13)
at NokariTest.TestCaseNokari.launchBrowser(TestCaseNokari.java:13)
at NokariTest.TestCaseNokari.launchBrowser(TestCaseNokari.java:13)
at NokariTest.TestCaseNokari.launchBrowser(TestCaseNokari.java:13)
at NokariTest.TestCaseNokari.launchBrowser(TestCaseNokari.java:13)
at NokariTest.TestCaseNokari.launchBrowser(TestCaseNokari.java:13)
at NokariTest.TestCaseNokari.launchBrowser(TestCaseNokari.java:13)
at NokariTest.TestCaseNokari.launchBrowser(TestCaseNokari.java:13)
at NokariTest.TestCaseNokari.launchBrowser(TestCaseNokari.java:13)
at NokariTest.TestCaseNokari.launchBrowser(TestCaseNokari.java:13)
at NokariTest.TestCaseNokari.launchBrowser(TestCaseNokari.java:13)
at NokariTest.TestCaseNokari.launchBrowser(TestCaseNokari.java:13)
at NokariTest.TestCaseNokari.launchBrowser(TestCaseNokari.java:13)
at NokariTest.TestCaseNokari.launchBrowser(TestCaseNokari.java:13)
at NokariTest.TestCaseNokari.launchBrowser(TestCaseNokari.java:13)
at NokariTest.TestCaseNokari.launchBrowser(TestCaseNokari.java:13)
at NokariTest.TestCaseNokari.launchBrowser(TestCaseNokari.java:13)
at NokariTest.TestCaseNokari.launchBrowser(TestCaseNokari.java:13)
at NokariTest.TestCaseNokari.launchBrowser(TestCaseNokari.java:13)
at NokariTest.TestCaseNokari.launchBrowser(TestCaseNokari.java:13)
at NokariTest.TestCaseNokari.launchBrowser(TestCaseNokari.java:13)
at NokariTest.TestCaseNokari.launchBrowser(TestCaseNokari.java:13)
at NokariTest.TestCaseNokari.launchBrowser(TestCaseNokari.java:13)
at NokariTest.TestCaseNokari.launchBrowser(TestCaseNokari.java:13)
at NokariTest.TestCaseNokari.launchBrowser(TestCaseNokari.java:13)
at NokariTest.TestCaseNokari.launchBrowser(TestCaseNokari.java:13)
at NokariTest.TestCaseNokari.launchBrowser(TestCaseNokari.java:13)
at NokariTest.TestCaseNokari.launchBrowser(TestCaseNokari.java:13)
at NokariTest.TestCaseNokari.launchBrowser(TestCaseNokari.java:13)
at NokariTest.TestCaseNokari.launchBrowser(TestCaseNokari.java:13)
at NokariTest.TestCaseNokari.launchBrowser(TestCaseNokari.java:13)
at NokariTest.TestCaseNokari.launchBrowser(TestCaseNokari.java:13)
at NokariTest.TestCaseNokari.launchBrowser(TestCaseNokari.java:13)
at NokariTest.TestCaseNokari.launchBrowser(TestCaseNokari.java:13)
at NokariTest.TestCaseNokari.launchBrowser(TestCaseNokari.java:13)
at NokariTest.TestCaseNokari.launchBrowser(TestCaseNokari.java:13)
at NokariTest.TestCaseNokari.launchBrowser(TestCaseNokari.java:13)
at NokariTest.TestCaseNokari.launchBrowser(TestCaseNokari.java:13)
at NokariTest.TestCaseNokari.launchBrowser(TestCaseNokari.java:13)
at NokariTest.TestCaseNokari.launchBrowser(TestCaseNokari.java:13)
at NokariTest.TestCaseNokari.launchBrowser(TestCaseNokari.java:13)
at NokariTest.TestCaseNokari.launchBrowser(TestCaseNokari.java:13)
at NokariTest.TestCaseNokari.launchBrowser(TestCaseNokari.java:13)
at NokariTest.TestCaseNokari.launchBrowser(TestCaseNokari.java:13)
at NokariTest.TestCaseNokari.launchBrowser(TestCaseNokari.java:13)
at NokariTest.TestCaseNokari.launchBrowser(TestCaseNokari.java:13)
at NokariTest.TestCaseNokari.launchBrowser(TestCaseNokari.java:13)
at NokariTest.TestCaseNokari.launchBrowser(TestCaseNokari.java:13)
at NokariTest.TestCaseNokari.launchBrowser(TestCaseNokari.java:13)
at NokariTest.TestCaseNokari.launchBrowser(TestCaseNokari.java:13)
at NokariTest.TestCaseNokari.launchBrowser(TestCaseNokari.java:13)
at NokariTest.TestCaseNokari.launchBrowser(TestCaseNokari.java:13)
at NokariTest.TestCaseNokari.launchBrowser(TestCaseNokari.java:13)
at NokariTest.TestCaseNokari.launchBrowser(TestCaseNokari.java:13)
at NokariTest.TestCaseNokari.launchBrowser(TestCaseNokari.java:13)
at NokariTest.TestCaseNokari.launchBrowser(TestCaseNokari.java:13)
at NokariTest.TestCaseNokari.launchBrowser(TestCaseNokari.java:13)
at NokariTest.TestCaseNokari.launchBrowser(TestCaseNokari.java:13)
at NokariTest.TestCaseNokari.launchBrowser(TestCaseNokari.java:13)
at NokariTest.TestCaseNokari.launchBrowser(TestCaseNokari.java:13)
at NokariTest.TestCaseNokari.launchBrowser(TestCaseNokari.java:13)
at NokariTest.TestCaseNokari.launchBrowser(TestCaseNokari.java:13)
at NokariTest.TestCaseNokari.launchBrowser(TestCaseNokari.java:13)
at NokariTest.TestCaseNokari.launchBrowser(TestCaseNokari.java:13)
at NokariTest.TestCaseNokari.launchBrowser(TestCaseNokari.java:13)
at NokariTest.TestCaseNokari.launchBrowser(TestCaseNokari.java:13)
at NokariTest.TestCaseNokari.launchBrowser(TestCaseNokari.java:13)
at NokariTest.TestCaseNokari.launchBrowser(TestCaseNokari.java:13)
at NokariTest.TestCaseNokari.launchBrowser(TestCaseNokari.java:13)
at NokariTest.TestCaseNokari.launchBrowser(TestCaseNokari.java:13)
at NokariTest.TestCaseNokari.launchBrowser(TestCaseNokari.java:13)
at NokariTest.TestCaseNokari.launchBrowser(TestCaseNokari.java:13)
at NokariTest.TestCaseNokari.launchBrowser(TestCaseNokari.java:13)
at NokariTest.TestCaseNokari.launchBrowser(TestCaseNokari.java:13)
at NokariTest.TestCaseNokari.launchBrowser(TestCaseNokari.java:13)
at NokariTest.TestCaseNokari.launchBrowser(TestCaseNokari.java:13)
at NokariTest.TestCaseNokari.launchBrowser(TestCaseNokari.java:13)
at NokariTest.TestCaseNokari.launchBrowser(TestCaseNokari.java:13)
at NokariTest.TestCaseNokari.launchBrowser(TestCaseNokari.java:13)
at NokariTest.TestCaseNokari.launchBrowser(TestCaseNokari.java:13)
at NokariTest.TestCaseNokari.launchBrowser(TestCaseNokari.java:13)
at NokariTest.TestCaseNokari.launchBrowser(TestCaseNokari.java:13)
at NokariTest.TestCaseNokari.launchBrowser(TestCaseNokari.java:13)
at NokariTest.TestCaseNokari.launchBrowser(TestCaseNokari.java:13)
at NokariTest.TestCaseNokari.launchBrowser(TestCaseNokari.java:13)
at NokariTest.TestCaseNokari.launchBrowser(TestCaseNokari.java:13)
at NokariTest.TestCaseNokari.launchBrowser(TestCaseNokari.java:13)
at NokariTest.TestCaseNokari.launchBrowser(TestCaseNokari.java:13)
at NokariTest.TestCaseNokari.launchBrowser(TestCaseNokari.java:13)
at NokariTest.TestCaseNokari.launchBrowser(TestCaseNokari.java:13)
at NokariTest.TestCaseNokari.launchBrowser(TestCaseNokari.java:13)
at NokariTest.TestCaseNokari.launchBrowser(TestCaseNokari.java:13)
at NokariTest.TestCaseNokari.launchBrowser(TestCaseNokari.java:13)
at NokariTest.TestCaseNokari.launchBrowser(TestCaseNokari.java:13)
at NokariTest.TestCaseNokari.launchBrowser(TestCaseNokari.java:13)
at NokariTest.TestCaseNokari.launchBrowser(TestCaseNokari.java:13)
at NokariTest.TestCaseNokari.launchBrowser(TestCaseNokari.java:13)
at NokariTest.TestCaseNokari.launchBrowser(TestCaseNokari.java:13)
at NokariTest.TestCaseNokari.launchBrowser(TestCaseNokari.java:13)
at NokariTest.TestCaseNokari.launchBrowser(TestCaseNokari.java:13)
at NokariTest.TestCaseNokari.launchBrowser(TestCaseNokari.java:13)
at NokariTest.TestCaseNokari.launchBrowser(TestCaseNokari.java:13)
at NokariTest.TestCaseNokari.launchBrowser(TestCaseNokari.java:13)
at NokariTest.TestCaseNokari.launchBrowser(TestCaseNokari.java:13)
at NokariTest.TestCaseNokari.launchBrowser(TestCaseNokari.java:13)
at NokariTest.TestCaseNokari.launchBrowser(TestCaseNokari.java:13)
at NokariTest.TestCaseNokari.launchBrowser(TestCaseNokari.java:13)
at NokariTest.TestCaseNokari.launchBrowser(TestCaseNokari.java:13)
at NokariTest.TestCaseNokari.launchBrowser(TestCaseNokari.java:13)
at NokariTest.TestCaseNokari.launchBrowser(TestCaseNokari.java:13)
at NokariTest.TestCaseNokari.launchBrowser(TestCaseNokari.java:13)
at NokariTest.TestCaseNokari.launchBrowser(TestCaseNokari.java:13)
at NokariTest.TestCaseNokari.launchBrowser(TestCaseNokari.java:13)
at NokariTest.TestCaseNokari.launchBrowser(TestCaseNokari.java:13)
at NokariTest.TestCaseNokari.launchBrowser(TestCaseNokari.java:13)
at NokariTest.TestCaseNokari.launchBrowser(TestCaseNokari.java:13)
at NokariTest.TestCaseNokari.launchBrowser(TestCaseNokari.java:13)
at NokariTest.TestCaseNokari.launchBrowser(TestCaseNokari.java:13)
at NokariTest.TestCaseNokari.launchBrowser(TestCaseNokari.java:13)
at NokariTest.TestCaseNokari.launchBrowser(TestCaseNokari.java:13)
at NokariTest.TestCaseNokari.launchBrowser(TestCaseNokari.java:13)
at NokariTest.TestCaseNokari.launchBrowser(TestCaseNokari.java:13)
at NokariTest.TestCaseNokari.launchBrowser(TestCaseNokari.java:13)
at NokariTest.TestCaseNokari.launchBrowser(TestCaseNokari.java:13)
at NokariTest.TestCaseNokari.launchBrowser(TestCaseNokari.java:13)
at NokariTest.TestCaseNokari.launchBrowser(TestCaseNokari.java:13)
at NokariTest.TestCaseNokari.launchBrowser(TestCaseNokari.java:13)
at NokariTest.TestCaseNokari.launchBrowser(TestCaseNokari.java:13)
at NokariTest.TestCaseNokari.launchBrowser(TestCaseNokari.java:13)
at NokariTest.TestCaseNokari.launchBrowser(TestCaseNokari.java:13)
at NokariTest.TestCaseNokari.launchBrowser(TestCaseNokari.java:13)
at NokariTest.TestCaseNokari.launchBrowser(TestCaseNokari.java:13)
at NokariTest.TestCaseNokari.launchBrowser(TestCaseNokari.java:13)
at NokariTest.TestCaseNokari.launchBrowser(TestCaseNokari.java:13)
at NokariTest.TestCaseNokari.launchBrowser(TestCaseNokari.java:13)
at NokariTest.TestCaseNokari.launchBrowser(TestCaseNokari.java:13)
at NokariTest.TestCaseNokari.launchBrowser(TestCaseNokari.java:13)
at NokariTest.TestCaseNokari.launchBrowser(TestCaseNokari.java:13)
at NokariTest.TestCaseNokari.launchBrowser(TestCaseNokari.java:13)
at NokariTest.TestCaseNokari.launchBrowser(TestCaseNokari.java:13)
at NokariTest.TestCaseNokari.launchBrowser(TestCaseNokari.java:13)
at NokariTest.TestCaseNokari.launchBrowser(TestCaseNokari.java:13)
at NokariTest.TestCaseNokari.launchBrowser(TestCaseNokari.java:13)
at NokariTest.TestCaseNokari.launchBrowser(TestCaseNokari.java:13)
at NokariTest.TestCaseNokari.launchBrowser(TestCaseNokari.java:13)
at NokariTest.TestCaseNokari.launchBrowser(TestCaseNokari.java:13)
at NokariTest.TestCaseNokari.launchBrowser(TestCaseNokari.java:13)
at NokariTest.TestCaseNokari.launchBrowser(TestCaseNokari.java:13)
at NokariTest.TestCaseNokari.launchBrowser(TestCaseNokari.java:13)
at NokariTest.TestCaseNokari.launchBrowser(TestCaseNokari.java:13)
at NokariTest.TestCaseNokari.launchBrowser(TestCaseNokari.java:13)
at NokariTest.TestCaseNokari.launchBrowser(TestCaseNokari.java:13)
at NokariTest.TestCaseNokari.launchBrowser(TestCaseNokari.java:13)
at NokariTest.TestCaseNokari.launchBrowser(TestCaseNokari.java:13)
at NokariTest.TestCaseNokari.launchBrowser(TestCaseNokari.java:13)
at NokariTest.TestCaseNokari.launchBrowser(TestCaseNokari.java:13)
at NokariTest.TestCaseNokari.launchBrowser(TestCaseNokari.java:13)
at NokariTest.TestCaseNokari.launchBrowser(TestCaseNokari.java:13)
at NokariTest.TestCaseNokari.launchBrowser(TestCaseNokari.java:13)
at NokariTest.TestCaseNokari.launchBrowser(TestCaseNokari.java:13)
at NokariTest.TestCaseNokari.launchBrowser(TestCaseNokari.java:13)
at NokariTest.TestCaseNokari.launchBrowser(TestCaseNokari.java:13)
at NokariTest.TestCaseNokari.launchBrowser(TestCaseNokari.java:13)
at NokariTest.TestCaseNokari.launchBrowser(TestCaseNokari.java:13)
at NokariTest.TestCaseNokari.launchBrowser(TestCaseNokari.java:13)
at NokariTest.TestCaseNokari.launchBrowser(TestCaseNokari.java:13)
at NokariTest.TestCaseNokari.launchBrowser(TestCaseNokari.java:13)
at NokariTest.TestCaseNokari.launchBrowser(TestCaseNokari.java:13)
at NokariTest.TestCaseNokari.launchBrowser(TestCaseNokari.java:13)
at NokariTest.TestCaseNokari.launchBrowser(TestCaseNokari.java:13)
at NokariTest.TestCaseNokari.launchBrowser(TestCaseNokari.java:13)
at NokariTest.TestCaseNokari.launchBrowser(TestCaseNokari.java:13)
at NokariTest.TestCaseNokari.launchBrowser(TestCaseNokari.java:13)
at NokariTest.TestCaseNokari.launchBrowser(TestCaseNokari.java:13)
at NokariTest.TestCaseNokari.launchBrowser(TestCaseNokari.java:13)
at NokariTest.TestCaseNokari.launchBrowser(TestCaseNokari.java:13)
at NokariTest.TestCaseNokari.launchBrowser(TestCaseNokari.java:13)
at NokariTest.TestCaseNokari.launchBrowser(TestCaseNokari.java:13)
at NokariTest.TestCaseNokari.launchBrowser(TestCaseNokari.java:13)
at NokariTest.TestCaseNokari.launchBrowser(TestCaseNokari.java:13)
at NokariTest.TestCaseNokari.launchBrowser(TestCaseNokari.java:13)
at NokariTest.TestCaseNokari.launchBrowser(TestCaseNokari.java:13)
at NokariTest.TestCaseNokari.launchBrowser(TestCaseNokari.java:13)
at NokariTest.TestCaseNokari.launchBrowser(TestCaseNokari.java:13)
at NokariTest.TestCaseNokari.launchBrowser(TestCaseNokari.java:13)
at NokariTest.TestCaseNokari.launchBrowser(TestCaseNokari.java:13)
at NokariTest.TestCaseNokari.launchBrowser(TestCaseNokari.java:13)
at NokariTest.TestCaseNokari.launchBrowser(TestCaseNokari.java:13)
at NokariTest.TestCaseNokari.launchBrowser(TestCaseNokari.java:13)
at NokariTest.TestCaseNokari.launchBrowser(TestCaseNokari.java:13)
at NokariTest.TestCaseNokari.launchBrowser(TestCaseNokari.java:13)
at NokariTest.TestCaseNokari.launchBrowser(TestCaseNokari.java:13)
at NokariTest.TestCaseNokari.launchBrowser(TestCaseNokari.java:13)
at NokariTest.TestCaseNokari.launchBrowser(TestCaseNokari.java:13)
at NokariTest.TestCaseNokari.launchBrowser(TestCaseNokari.java:13)
at NokariTest.TestCaseNokari.launchBrowser(TestCaseNokari.java:13)
at NokariTest.TestCaseNokari.launchBrowser(TestCaseNokari.java:13)
at NokariTest.TestCaseNokari.launchBrowser(TestCaseNokari.java:13)
at NokariTest.TestCaseNokari.launchBrowser(TestCaseNokari.java:13)
at NokariTest.TestCaseNokari.launchBrowser(TestCaseNokari.java:13)
at NokariTest.TestCaseNokari.launchBrowser(TestCaseNokari.java:13)
at NokariTest.TestCaseNokari.launchBrowser(TestCaseNokari.java:13)
at NokariTest.TestCaseNokari.launchBrowser(TestCaseNokari.java:13)
at NokariTest.TestCaseNokari.launchBrowser(TestCaseNokari.java:13)
at NokariTest.TestCaseNokari.launchBrowser(TestCaseNokari.java:13)
at NokariTest.TestCaseNokari.launchBrowser(TestCaseNokari.java:13)
at NokariTest.TestCaseNokari.launchBrowser(TestCaseNokari.java:13)
at NokariTest.TestCaseNokari.launchBrowser(TestCaseNokari.java:13)
at NokariTest.TestCaseNokari.launchBrowser(TestCaseNokari.java:13)
at NokariTest.TestCaseNokari.launchBrowser(TestCaseNokari.java:13)
at NokariTest.TestCaseNokari.launchBrowser(TestCaseNokari.java:13)
at NokariTest.TestCaseNokari.launchBrowser(TestCaseNokari.java:13)
at NokariTest.TestCaseNokari.launchBrowser(TestCaseNokari.java:13)
at NokariTest.TestCaseNokari.launchBrowser(TestCaseNokari.java:13)
at NokariTest.TestCaseNokari.launchBrowser(TestCaseNokari.java:13)
at NokariTest.TestCaseNokari.launchBrowser(TestCaseNokari.java:13)
at NokariTest.TestCaseNokari.launchBrowser(TestCaseNokari.java:13)
at NokariTest.TestCaseNokari.launchBrowser(TestCaseNokari.java:13)
at NokariTest.TestCaseNokari.launchBrowser(TestCaseNokari.java:13)
at NokariTest.TestCaseNokari.launchBrowser(TestCaseNokari.java:13)
at NokariTest.TestCaseNokari.launchBrowser(TestCaseNokari.java:13)
at NokariTest.TestCaseNokari.launchBrowser(TestCaseNokari.java:13)
at NokariTest.TestCaseNokari.launchBrowser(TestCaseNokari.java:13)
at NokariTest.TestCaseNokari.launchBrowser(TestCaseNokari.java:13)
at NokariTest.TestCaseNokari.launchBrowser(TestCaseNokari.java:13)
at NokariTest.TestCaseNokari.launchBrowser(TestCaseNokari.java:13)
at NokariTest.TestCaseNokari.launchBrowser(TestCaseNokari.java:13)
at NokariTest.TestCaseNokari.launchBrowser(TestCaseNokari.java:13)
at NokariTest.TestCaseNokari.launchBrowser(TestCaseNokari.java:13)
at NokariTest.TestCaseNokari.launchBrowser(TestCaseNokari.java:13)
at NokariTest.TestCaseNokari.launchBrowser(TestCaseNokari.java:13)
at NokariTest.TestCaseNokari.launchBrowser(TestCaseNokari.java:13)
at NokariTest.TestCaseNokari.launchBrowser(TestCaseNokari.java:13)
at NokariTest.TestCaseNokari.launchBrowser(TestCaseNokari.java:13)
at NokariTest.TestCaseNokari.launchBrowser(TestCaseNokari.java:13)
at NokariTest.TestCaseNokari.launchBrowser(TestCaseNokari.java:13)
at NokariTest.TestCaseNokari.launchBrowser(TestCaseNokari.java:13)
at NokariTest.TestCaseNokari.launchBrowser(TestCaseNokari.java:13)
at NokariTest.TestCaseNokari.launchBrowser(TestCaseNokari.java:13)
at NokariTest.TestCaseNokari.launchBrowser(TestCaseNokari.java:13)
at NokariTest.TestCaseNokari.launchBrowser(TestCaseNokari.java:13)
at NokariTest.TestCaseNokari.launchBrowser(TestCaseNokari.java:13)
at NokariTest.TestCaseNokari.launchBrowser(TestCaseNokari.java:13)
at NokariTest.TestCaseNokari.launchBrowser(TestCaseNokari.java:13)
at NokariTest.TestCaseNokari.launchBrowser(TestCaseNokari.java:13)
at NokariTest.TestCaseNokari.launchBrowser(TestCaseNokari.java:13)
at NokariTest.TestCaseNokari.launchBrowser(TestCaseNokari.java:13)
at NokariTest.TestCaseNokari.launchBrowser(TestCaseNokari.java:13)
at NokariTest.TestCaseNokari.launchBrowser(TestCaseNokari.java:13)
at NokariTest.TestCaseNokari.launchBrowser(TestCaseNokari.java:13)
at NokariTest.TestCaseNokari.launchBrowser(TestCaseNokari.java:13)
at NokariTest.TestCaseNokari.launchBrowser(TestCaseNokari.java:13)
at NokariTest.TestCaseNokari.launchBrowser(TestCaseNokari.java:13)
at NokariTest.TestCaseNokari.launchBrowser(TestCaseNokari.java:13)
at NokariTest.TestCaseNokari.launchBrowser(TestCaseNokari.java:13)
at NokariTest.TestCaseNokari.launchBrowser(TestCaseNokari.java:13)
at NokariTest.TestCaseNokari.launchBrowser(TestCaseNokari.java:13)
at NokariTest.TestCaseNokari.launchBrowser(TestCaseNokari.java:13)
at NokariTest.TestCaseNokari.launchBrowser(TestCaseNokari.java:13)
at NokariTest.TestCaseNokari.launchBrowser(TestCaseNokari.java:13)
at NokariTest.TestCaseNokari.launchBrowser(TestCaseNokari.java:13)
at NokariTest.TestCaseNokari.launchBrowser(TestCaseNokari.java:13)
at NokariTest.TestCaseNokari.launchBrowser(TestCaseNokari.java:13)
at NokariTest.TestCaseNokari.launchBrowser(TestCaseNokari.java:13)
at NokariTest.TestCaseNokari.launchBrowser(TestCaseNokari.java:13)
at NokariTest.TestCaseNokari.launchBrowser(TestCaseNokari.java:13)
at NokariTest.TestCaseNokari.launchBrowser(TestCaseNokari.java:13)
at NokariTest.TestCaseNokari.launchBrowser(TestCaseNokari.java:13)
at NokariTest.TestCaseNokari.launchBrowser(TestCaseNokari.java:13)
at NokariTest.TestCaseNokari.launchBrowser(TestCaseNokari.java:13)
at NokariTest.TestCaseNokari.launchBrowser(TestCaseNokari.java:13)
at NokariTest.TestCaseNokari.launchBrowser(TestCaseNokari.java:13)
at NokariTest.TestCaseNokari.launchBrowser(TestCaseNokari.java:13)
at NokariTest.TestCaseNokari.launchBrowser(TestCaseNokari.java:13)
at NokariTest.TestCaseNokari.launchBrowser(TestCaseNokari.java:13)
at NokariTest.TestCaseNokari.launchBrowser(TestCaseNokari.java:13)
at NokariTest.TestCaseNokari.launchBrowser(TestCaseNokari.java:13)
at NokariTest.TestCaseNokari.launchBrowser(TestCaseNokari.java:13)
at NokariTest.TestCaseNokari.launchBrowser(TestCaseNokari.java:13)
at NokariTest.TestCaseNokari.launchBrowser(TestCaseNokari.java:13)
at NokariTest.TestCaseNokari.launchBrowser(TestCaseNokari.java:13)
at NokariTest.TestCaseNokari.launchBrowser(TestCaseNokari.java:13)
at NokariTest.TestCaseNokari.launchBrowser(TestCaseNokari.java:13)
at NokariTest.TestCaseNokari.launchBrowser(TestCaseNokari.java:13)
at NokariTest.TestCaseNokari.launchBrowser(TestCaseNokari.java:13)
at NokariTest.TestCaseNokari.launchBrowser(TestCaseNokari.java:13)
at NokariTest.TestCaseNokari.launchBrowser(TestCaseNokari.java:13)
at NokariTest.TestCaseNokari.launchBrowser(TestCaseNokari.java:13)
at NokariTest.TestCaseNokari.launchBrowser(TestCaseNokari.java:13)
at NokariTest.TestCaseNokari.launchBrowser(TestCaseNokari.java:13)
at NokariTest.TestCaseNokari.launchBrowser(TestCaseNokari.java:13)
at NokariTest.TestCaseNokari.launchBrowser(TestCaseNokari.java:13)
at NokariTest.TestCaseNokari.launchBrowser(TestCaseNokari.java:13)
at NokariTest.TestCaseNokari.launchBrowser(TestCaseNokari.java:13)
at NokariTest.TestCaseNokari.launchBrowser(TestCaseNokari.java:13)
at NokariTest.TestCaseNokari.launchBrowser(TestCaseNokari.java:13)
at NokariTest.TestCaseNokari.launchBrowser(TestCaseNokari.java:13)
at NokariTest.TestCaseNokari.launchBrowser(TestCaseNokari.java:13)
at NokariTest.TestCaseNokari.launchBrowser(TestCaseNokari.java:13)
at NokariTest.TestCaseNokari.launchBrowser(TestCaseNokari.java:13)
at NokariTest.TestCaseNokari.launchBrowser(TestCaseNokari.java:13)
at NokariTest.TestCaseNokari.launchBrowser(TestCaseNokari.java:13)
at NokariTest.TestCaseNokari.launchBrowser(TestCaseNokari.java:13)
at NokariTest.TestCaseNokari.launchBrowser(TestCaseNokari.java:13)
at NokariTest.TestCaseNokari.launchBrowser(TestCaseNokari.java:13)
at NokariTest.TestCaseNokari.launchBrowser(TestCaseNokari.java:13)
at NokariTest.TestCaseNokari.launchBrowser(TestCaseNokari.java:13)
at NokariTest.TestCaseNokari.launchBrowser(TestCaseNokari.java:13)
at NokariTest.TestCaseNokari.launchBrowser(TestCaseNokari.java:13)
at NokariTest.TestCaseNokari.launchBrowser(TestCaseNokari.java:13)
at NokariTest.TestCaseNokari.launchBrowser(TestCaseNokari.java:13)
at NokariTest.TestCaseNokari.launchBrowser(TestCaseNokari.java:13)
at NokariTest.TestCaseNokari.launchBrowser(TestCaseNokari.java:13)
at NokariTest.TestCaseNokari.launchBrowser(TestCaseNokari.java:13)
at NokariTest.TestCaseNokari.launchBrowser(TestCaseNokari.java:13)
at NokariTest.TestCaseNokari.launchBrowser(TestCaseNokari.java:13)
at NokariTest.TestCaseNokari.launchBrowser(TestCaseNokari.java:13)
at NokariTest.TestCaseNokari.launchBrowser(TestCaseNokari.java:13)
at NokariTest.TestCaseNokari.launchBrowser(TestCaseNokari.java:13)
at NokariTest.TestCaseNokari.launchBrowser(TestCaseNokari.java:13)
at NokariTest.TestCaseNokari.launchBrowser(TestCaseNokari.java:13)
at NokariTest.TestCaseNokari.launchBrowser(TestCaseNokari.java:13)
at NokariTest.TestCaseNokari.launchBrowser(TestCaseNokari.java:13)
at NokariTest.TestCaseNokari.launchBrowser(TestCaseNokari.java:13)
at NokariTest.TestCaseNokari.launchBrowser(TestCaseNokari.java:13)
at NokariTest.TestCaseNokari.launchBrowser(TestCaseNokari.java:13)
at NokariTest.TestCaseNokari.launchBrowser(TestCaseNokari.java:13)
at NokariTest.TestCaseNokari.launchBrowser(TestCaseNokari.java:13)
at NokariTest.TestCaseNokari.launchBrowser(TestCaseNokari.java:13)
at NokariTest.TestCaseNokari.launchBrowser(TestCaseNokari.java:13)
at NokariTest.TestCaseNokari.launchBrowser(TestCaseNokari.java:13)
at NokariTest.TestCaseNokari.launchBrowser(TestCaseNokari.java:13)
at NokariTest.TestCaseNokari.launchBrowser(TestCaseNokari.java:13)
at NokariTest.TestCaseNokari.launchBrowser(TestCaseNokari.java:13)
at NokariTest.TestCaseNokari.launchBrowser(TestCaseNokari.java:13)
at NokariTest.TestCaseNokari.launchBrowser(TestCaseNokari.java:13)
at NokariTest.TestCaseNokari.launchBrowser(TestCaseNokari.java:13)
at NokariTest.TestCaseNokari.launchBrowser(TestCaseNokari.java:13)
at NokariTest.TestCaseNokari.launchBrowser(TestCaseNokari.java:13)
at NokariTest.TestCaseNokari.launchBrowser(TestCaseNokari.java:13)
at NokariTest.TestCaseNokari.launchBrowser(TestCaseNokari.java:13)
at NokariTest.TestCaseNokari.launchBrowser(TestCaseNokari.java:13)
at NokariTest.TestCaseNokari.launchBrowser(TestCaseNokari.java:13)
at NokariTest.TestCaseNokari.launchBrowser(TestCaseNokari.java:13)
at NokariTest.TestCaseNokari.launchBrowser(TestCaseNokari.java:13)
at NokariTest.TestCaseNokari.launchBrowser(TestCaseNokari.java:13)
at NokariTest.TestCaseNokari.launchBrowser(TestCaseNokari.java:13)
at NokariTest.TestCaseNokari.launchBrowser(TestCaseNokari.java:13)
at NokariTest.TestCaseNokari.launchBrowser(TestCaseNokari.java:13)
at NokariTest.TestCaseNokari.launchBrowser(TestCaseNokari.java:13)
at NokariTest.TestCaseNokari.launchBrowser(TestCaseNokari.java:13)
at NokariTest.TestCaseNokari.launchBrowser(TestCaseNokari.java:13)
at NokariTest.TestCaseNokari.launchBrowser(TestCaseNokari.java:13)
at NokariTest.TestCaseNokari.launchBrowser(TestCaseNokari.java:13)
at NokariTest.TestCaseNokari.launchBrowser(TestCaseNokari.java:13)
at NokariTest.TestCaseNokari.launchBrowser(TestCaseNokari.java:13)
at NokariTest.TestCaseNokari.launchBrowser(TestCaseNokari.java:13)
at NokariTest.TestCaseNokari.launchBrowser(TestCaseNokari.java:13)
at NokariTest.TestCaseNokari.launchBrowser(TestCaseNokari.java:13)
at NokariTest.TestCaseNokari.launchBrowser(TestCaseNokari.java:13)
at NokariTest.TestCaseNokari.launchBrowser(TestCaseNokari.java:13)
at NokariTest.TestCaseNokari.launchBrowser(TestCaseNokari.java:13)
at NokariTest.TestCaseNokari.launchBrowser(TestCaseNokari.java:13)
at NokariTest.TestCaseNokari.launchBrowser(TestCaseNokari.java:13)
at NokariTest.TestCaseNokari.launchBrowser(TestCaseNokari.java:13)
at NokariTest.TestCaseNokari.launchBrowser(TestCaseNokari.java:13)
at NokariTest.TestCaseNokari.launchBrowser(TestCaseNokari.java:13)
at NokariTest.TestCaseNokari.launchBrowser(TestCaseNokari.java:13)
at NokariTest.TestCaseNokari.launchBrowser(TestCaseNokari.java:13)
at NokariTest.TestCaseNokari.launchBrowser(TestCaseNokari.java:13)
at NokariTest.TestCaseNokari.launchBrowser(TestCaseNokari.java:13)
at NokariTest.TestCaseNokari.launchBrowser(TestCaseNokari.java:13)
at NokariTest.TestCaseNokari.launchBrowser(TestCaseNokari.java:13)
at NokariTest.TestCaseNokari.launchBrowser(TestCaseNokari.java:13)
at NokariTest.TestCaseNokari.launchBrowser(TestCaseNokari.java:13)
at NokariTest.TestCaseNokari.launchBrowser(TestCaseNokari.java:13)
at NokariTest.TestCaseNokari.launchBrowser(TestCaseNokari.java:13)
at NokariTest.TestCaseNokari.launchBrowser(TestCaseNokari.java:13)
at NokariTest.TestCaseNokari.launchBrowser(TestCaseNokari.java:13)
at NokariTest.TestCaseNokari.launchBrowser(TestCaseNokari.java:13)
at NokariTest.TestCaseNokari.launchBrowser(TestCaseNokari.java:13)
at NokariTest.TestCaseNokari.launchBrowser(TestCaseNokari.java:13)
at NokariTest.TestCaseNokari.launchBrowser(TestCaseNokari.java:13)
at NokariTest.TestCaseNokari.launchBrowser(TestCaseNokari.java:13)
at NokariTest.TestCaseNokari.launchBrowser(TestCaseNokari.java:13)
at NokariTest.TestCaseNokari.launchBrowser(TestCaseNokari.java:13)
at NokariTest.TestCaseNokari.launchBrowser(TestCaseNokari.java:13)
at NokariTest.TestCaseNokari.launchBrowser(TestCaseNokari.java:13)
at NokariTest.TestCaseNokari.launchBrowser(TestCaseNokari.java:13)
at NokariTest.TestCaseNokari.launchBrowser(TestCaseNokari.java:13)
at NokariTest.TestCaseNokari.launchBrowser(TestCaseNokari.java:13)
at NokariTest.TestCaseNokari.launchBrowser(TestCaseNokari.java:13)
at NokariTest.TestCaseNokari.launchBrowser(TestCaseNokari.java:13)
at NokariTest.TestCaseNokari.launchBrowser(TestCaseNokari.java:13)
at NokariTest.TestCaseNokari.launchBrowser(TestCaseNokari.java:13)
at NokariTest.TestCaseNokari.launchBrowser(TestCaseNokari.java:13)
at NokariTest.TestCaseNokari.launchBrowser(TestCaseNokari.java:13)
at NokariTest.TestCaseNokari.launchBrowser(TestCaseNokari.java:13)
at NokariTest.TestCaseNokari.launchBrowser(TestCaseNokari.java:13)
at NokariTest.TestCaseNokari.launchBrowser(TestCaseNokari.java:13)
at NokariTest.TestCaseNokari.launchBrowser(TestCaseNokari.java:13)
at NokariTest.TestCaseNokari.launchBrowser(TestCaseNokari.java:13)
at NokariTest.TestCaseNokari.launchBrowser(TestCaseNokari.java:13)
at NokariTest.TestCaseNokari.launchBrowser(TestCaseNokari.java:13)
at NokariTest.TestCaseNokari.launchBrowser(TestCaseNokari.java:13)
at NokariTest.TestCaseNokari.launchBrowser(TestCaseNokari.java:13)
at NokariTest.TestCaseNokari.launchBrowser(TestCaseNokari.java:13)
at NokariTest.TestCaseNokari.launchBrowser(TestCaseNokari.java:13)
at NokariTest.TestCaseNokari.launchBrowser(TestCaseNokari.java:13)
at NokariTest.TestCaseNokari.launchBrowser(TestCaseNokari.java:13)
at NokariTest.TestCaseNokari.launchBrowser(TestCaseNokari.java:13)
at NokariTest.TestCaseNokari.launchBrowser(TestCaseNokari.java:13)
at NokariTest.TestCaseNokari.launchBrowser(TestCaseNokari.java:13)
at NokariTest.TestCaseNokari.launchBrowser(TestCaseNokari.java:13)
at NokariTest.TestCaseNokari.launchBrowser(TestCaseNokari.java:13)
at NokariTest.TestCaseNokari.launchBrowser(TestCaseNokari.java:13)
at NokariTest.TestCaseNokari.launchBrowser(TestCaseNokari.java:13)
at NokariTest.TestCaseNokari.launchBrowser(TestCaseNokari.java:13)
at NokariTest.TestCaseNokari.launchBrowser(TestCaseNokari.java:13)
at NokariTest.TestCaseNokari.launchBrowser(TestCaseNokari.java:13)
at NokariTest.TestCaseNokari.launchBrowser(TestCaseNokari.java:13)
at NokariTest.TestCaseNokari.launchBrowser(TestCaseNokari.java:13)
at NokariTest.TestCaseNokari.launchBrowser(TestCaseNokari.java:13)
at NokariTest.TestCaseNokari.launchBrowser(TestCaseNokari.java:13)
at NokariTest.TestCaseNokari.launchBrowser(TestCaseNokari.java:13)
at NokariTest.TestCaseNokari.launchBrowser(TestCaseNokari.java:13)
at NokariTest.TestCaseNokari.launchBrowser(TestCaseNokari.java:13)
at NokariTest.TestCaseNokari.launchBrowser(TestCaseNokari.java:13)
at NokariTest.TestCaseNokari.launchBrowser(TestCaseNokari.java:13)
at NokariTest.TestCaseNokari.launchBrowser(TestCaseNokari.java:13)
at NokariTest.TestCaseNokari.launchBrowser(TestCaseNokari.java:13)
at NokariTest.TestCaseNokari.launchBrowser(TestCaseNokari.java:13)
at NokariTest.TestCaseNokari.launchBrowser(TestCaseNokari.java:13)
at NokariTest.TestCaseNokari.launchBrowser(TestCaseNokari.java:13)
at NokariTest.TestCaseNokari.launchBrowser(TestCaseNokari.java:13)
at NokariTest.TestCaseNokari.launchBrowser(TestCaseNokari.java:13)
at NokariTest.TestCaseNokari.launchBrowser(TestCaseNokari.java:13)
at NokariTest.TestCaseNokari.launchBrowser(TestCaseNokari.java:13)
at NokariTest.TestCaseNokari.launchBrowser(TestCaseNokari.java:13)
at NokariTest.TestCaseNokari.launchBrowser(TestCaseNokari.java:13)
at NokariTest.TestCaseNokari.launchBrowser(TestCaseNokari.java:13)
at NokariTest.TestCaseNokari.launchBrowser(TestCaseNokari.java:13)
at NokariTest.TestCaseNokari.launchBrowser(TestCaseNokari.java:13)
at NokariTest.TestCaseNokari.launchBrowser(TestCaseNokari.java:13)
at NokariTest.TestCaseNokari.launchBrowser(TestCaseNokari.java:13)
at NokariTest.TestCaseNokari.launchBrowser(TestCaseNokari.java:13)
at NokariTest.TestCaseNokari.launchBrowser(TestCaseNokari.java:13)
at NokariTest.TestCaseNokari.launchBrowser(TestCaseNokari.java:13)
at NokariTest.TestCaseNokari.launchBrowser(TestCaseNokari.java:13)
at NokariTest.TestCaseNokari.launchBrowser(TestCaseNokari.java:13)
at NokariTest.TestCaseNokari.launchBrowser(TestCaseNokari.java:13)
at NokariTest.TestCaseNokari.launchBrowser(TestCaseNokari.java:13)
at NokariTest.TestCaseNokari.launchBrowser(TestCaseNokari.java:13)
at NokariTest.TestCaseNokari.launchBrowser(TestCaseNokari.java:13)
at NokariTest.TestCaseNokari.launchBrowser(TestCaseNokari.java:13)
at NokariTest.TestCaseNokari.launchBrowser(TestCaseNokari.java:13)
at NokariTest.TestCaseNokari.launchBrowser(TestCaseNokari.java:13)
at NokariTest.TestCaseNokari.launchBrowser(TestCaseNokari.java:13)
at NokariTest.TestCaseNokari.launchBrowser(TestCaseNokari.java:13)
at NokariTest.TestCaseNokari.launchBrowser(TestCaseNokari.java:13)
at NokariTest.TestCaseNokari.launchBrowser(TestCaseNokari.java:13)
at NokariTest.TestCaseNokari.launchBrowser(TestCaseNokari.java:13)
at NokariTest.TestCaseNokari.launchBrowser(TestCaseNokari.java:13)
at NokariTest.TestCaseNokari.launchBrowser(TestCaseNokari.java:13)
at NokariTest.TestCaseNokari.launchBrowser(TestCaseNokari.java:13)
at NokariTest.TestCaseNokari.launchBrowser(TestCaseNokari.java:13)
at NokariTest.TestCaseNokari.launchBrowser(TestCaseNokari.java:13)
at NokariTest.TestCaseNokari.launchBrowser(TestCaseNokari.java:13)
at NokariTest.TestCaseNokari.launchBrowser(TestCaseNokari.java:13)
at NokariTest.TestCaseNokari.launchBrowser(TestCaseNokari.java:13)
at NokariTest.TestCaseNokari.launchBrowser(TestCaseNokari.java:13)
at NokariTest.TestCaseNokari.launchBrowser(TestCaseNokari.java:13)
at NokariTest.TestCaseNokari.launchBrowser(TestCaseNokari.java:13)
at NokariTest.TestCaseNokari.launchBrowser(TestCaseNokari.java:13)
at NokariTest.TestCaseNokari.launchBrowser(TestCaseNokari.java:13)
at NokariTest.TestCaseNokari.launchBrowser(TestCaseNokari.java:13)
at NokariTest.TestCaseNokari.launchBrowser(TestCaseNokari.java:13)
at NokariTest.TestCaseNokari.launchBrowser(TestCaseNokari.java:13)
at NokariTest.TestCaseNokari.launchBrowser(TestCaseNokari.java:13)
at NokariTest.TestCaseNokari.launchBrowser(TestCaseNokari.java:13)
at NokariTest.TestCaseNokari.launchBrowser(TestCaseNokari.java:13)
at NokariTest.TestCaseNokari.launchBrowser(TestCaseNokari.java:13)
at NokariTest.TestCaseNokari.launchBrowser(TestCaseNokari.java:13)
at NokariTest.TestCaseNokari.launchBrowser(TestCaseNokari.java:13)
at NokariTest.TestCaseNokari.launchBrowser(TestCaseNokari.java:13)
at NokariTest.TestCaseNokari.launchBrowser(TestCaseNokari.java:13)
at NokariTest.TestCaseNokari.launchBrowser(TestCaseNokari.java:13)
at NokariTest.TestCaseNokari.launchBrowser(TestCaseNokari.java:13)
at NokariTest.TestCaseNokari.launchBrowser(TestCaseNokari.java:13)
at NokariTest.TestCaseNokari.launchBrowser(TestCaseNokari.java:13)
at NokariTest.TestCaseNokari.launchBrowser(TestCaseNokari.java:13)
at NokariTest.TestCaseNokari.launchBrowser(TestCaseNokari.java:13)
at NokariTest.TestCaseNokari.launchBrowser(TestCaseNokari.java:13)
at NokariTest.TestCaseNokari.launchBrowser(TestCaseNokari.java:13)
at NokariTest.TestCaseNokari.launchBrowser(TestCaseNokari.java:13)
at NokariTest.TestCaseNokari.launchBrowser(TestCaseNokari.java:13)
at NokariTest.TestCaseNokari.launchBrowser(TestCaseNokari.java:13)
at NokariTest.TestCaseNokari.launchBrowser(TestCaseNokari.java:13)
at NokariTest.TestCaseNokari.launchBrowser(TestCaseNokari.java:13)
at NokariTest.TestCaseNokari.launchBrowser(TestCaseNokari.java:13)
at NokariTest.TestCaseNokari.launchBrowser(TestCaseNokari.java:13)
at NokariTest.TestCaseNokari.launchBrowser(TestCaseNokari.java:13)
at NokariTest.TestCaseNokari.launchBrowser(TestCaseNokari.java:13)
at NokariTest.TestCaseNokari.launchBrowser(TestCaseNokari.java:13)
at NokariTest.TestCaseNokari.launchBrowser(TestCaseNokari.java:13)
at NokariTest.TestCaseNokari.launchBrowser(TestCaseNokari.java:13)
at NokariTest.TestCaseNokari.launchBrowser(TestCaseNokari.java:13)
at NokariTest.TestCaseNokari.launchBrowser(TestCaseNokari.java:13)
at NokariTest.TestCaseNokari.launchBrowser(TestCaseNokari.java:13)
at NokariTest.TestCaseNokari.launchBrowser(TestCaseNokari.java:13)
at NokariTest.TestCaseNokari.launchBrowser(TestCaseNokari.java:13)
at NokariTest.TestCaseNokari.launchBrowser(TestCaseNokari.java:13)
at NokariTest.TestCaseNokari.launchBrowser(TestCaseNokari.java:13)
at NokariTest.TestCaseNokari.launchBrowser(TestCaseNokari.java:13)
at NokariTest.TestCaseNokari.launchBrowser(TestCaseNokari.java:13)
at NokariTest.TestCaseNokari.launchBrowser(TestCaseNokari.java:13)
at NokariTest.TestCaseNokari.launchBrowser(TestCaseNokari.java:13)
at NokariTest.TestCaseNokari.launchBrowser(TestCaseNokari.java:13)
at NokariTest.TestCaseNokari.launchBrowser(TestCaseNokari.java:13)
at NokariTest.TestCaseNokari.launchBrowser(TestCaseNokari.java:13)
at NokariTest.TestCaseNokari.launchBrowser(TestCaseNokari.java:13)
at NokariTest.TestCaseNokari.launchBrowser(TestCaseNokari.java:13)
at NokariTest.TestCaseNokari.launchBrowser(TestCaseNokari.java:13)
at NokariTest.TestCaseNokari.launchBrowser(TestCaseNokari.java:13)
at NokariTest.TestCaseNokari.launchBrowser(TestCaseNokari.java:13)
at NokariTest.TestCaseNokari.launchBrowser(TestCaseNokari.java:13)
at NokariTest.TestCaseNokari.launchBrowser(TestCaseNokari.java:13)
at NokariTest.TestCaseNokari.launchBrowser(TestCaseNokari.java:13)
at NokariTest.TestCaseNokari.launchBrowser(TestCaseNokari.java:13)
at NokariTest.TestCaseNokari.launchBrowser(TestCaseNokari.java:13)
at NokariTest.TestCaseNokari.launchBrowser(TestCaseNokari.java:13)
at NokariTest.TestCaseNokari.launchBrowser(TestCaseNokari.java:13)
at NokariTest.TestCaseNokari.launchBrowser(TestCaseNokari.java:13)
]]>
    </error>
  </testcase> <!-- launchBrowser -->
  <system-out/>
  <testcase classname="NokariTest.TestCaseNokari" name="f" time="0.000">
    <skipped/>
  </testcase> <!-- f -->
  <system-out/>
</testsuite> <!-- NokariTest.TestCaseNokari -->
